{"/Users/jhoancanchila/Documents/projects-react/countries-info/src/App.tsx": {"path":"/Users/jhoancanchila/Documents/projects-react/countries-info/src/App.tsx","statementMap":{"0":{"start":{"line":13,"column":2},"end":{"line":28,"column":3}}},"fnMap":{"0":{"name":"App","decl":{"start":{"line":11,"column":9},"end":{"line":11,"column":12}},"loc":{"start":{"line":11,"column":15},"end":{"line":29,"column":1}},"line":11}},"branchMap":{},"s":{"0":0},"f":{"0":0},"b":{}}
,"/Users/jhoancanchila/Documents/projects-react/countries-info/src/main.tsx": {"path":"/Users/jhoancanchila/Documents/projects-react/countries-info/src/main.tsx","statementMap":{"0":{"start":{"line":8,"column":0},"end":{"line":14,"column":1}}},"fnMap":{},"branchMap":{},"s":{"0":0},"f":{},"b":{}}
,"/Users/jhoancanchila/Documents/projects-react/countries-info/src/setupTests.ts": {"path":"/Users/jhoancanchila/Documents/projects-react/countries-info/src/setupTests.ts","statementMap":{},"fnMap":{},"branchMap":{},"s":{},"f":{},"b":{}}
,"/Users/jhoancanchila/Documents/projects-react/countries-info/src/vite-env.d.ts": {"path":"/Users/jhoancanchila/Documents/projects-react/countries-info/src/vite-env.d.ts","statementMap":{},"fnMap":{},"branchMap":{},"s":{},"f":{},"b":{}}
,"/Users/jhoancanchila/Documents/projects-react/countries-info/src/domain/models/CardEntity.ts": {"path":"/Users/jhoancanchila/Documents/projects-react/countries-info/src/domain/models/CardEntity.ts","statementMap":{},"fnMap":{},"branchMap":{},"s":{},"f":{},"b":{}}
,"/Users/jhoancanchila/Documents/projects-react/countries-info/src/domain/models/Character.ts": {"path":"/Users/jhoancanchila/Documents/projects-react/countries-info/src/domain/models/Character.ts","statementMap":{"0":{"start":{"line":35,"column":46},"end":{"line":50,"column":1}}},"fnMap":{},"branchMap":{},"s":{"0":0},"f":{},"b":{}}
,"/Users/jhoancanchila/Documents/projects-react/countries-info/src/domain/models/Country.ts": {"path":"/Users/jhoancanchila/Documents/projects-react/countries-info/src/domain/models/Country.ts","statementMap":{},"fnMap":{},"branchMap":{},"s":{},"f":{},"b":{}}
,"/Users/jhoancanchila/Documents/projects-react/countries-info/src/domain/models/General.ts": {"path":"/Users/jhoancanchila/Documents/projects-react/countries-info/src/domain/models/General.ts","statementMap":{"0":{"start":{"line":1,"column":35},"end":{"line":1,"column":36}}},"fnMap":{},"branchMap":{},"s":{"0":0},"f":{},"b":{}}
,"/Users/jhoancanchila/Documents/projects-react/countries-info/src/domain/models/ItemsMenu.ts": {"path":"/Users/jhoancanchila/Documents/projects-react/countries-info/src/domain/models/ItemsMenu.ts","statementMap":{},"fnMap":{},"branchMap":{},"s":{},"f":{},"b":{}}
,"/Users/jhoancanchila/Documents/projects-react/countries-info/src/domain/models/ModalContent.ts": {"path":"/Users/jhoancanchila/Documents/projects-react/countries-info/src/domain/models/ModalContent.ts","statementMap":{},"fnMap":{},"branchMap":{},"s":{},"f":{},"b":{}}
,"/Users/jhoancanchila/Documents/projects-react/countries-info/src/domain/models/Naruto.ts": {"path":"/Users/jhoancanchila/Documents/projects-react/countries-info/src/domain/models/Naruto.ts","statementMap":{"0":{"start":{"line":8,"column":35},"end":{"line":13,"column":1}}},"fnMap":{},"branchMap":{},"s":{"0":0},"f":{},"b":{}}
,"/Users/jhoancanchila/Documents/projects-react/countries-info/src/domain/repositories/CharacterRepository.ts": {"path":"/Users/jhoancanchila/Documents/projects-react/countries-info/src/domain/repositories/CharacterRepository.ts","statementMap":{},"fnMap":{},"branchMap":{},"s":{},"f":{},"b":{}}
,"/Users/jhoancanchila/Documents/projects-react/countries-info/src/domain/repositories/CountryRepository.ts": {"path":"/Users/jhoancanchila/Documents/projects-react/countries-info/src/domain/repositories/CountryRepository.ts","statementMap":{},"fnMap":{},"branchMap":{},"s":{},"f":{},"b":{}}
,"/Users/jhoancanchila/Documents/projects-react/countries-info/src/domain/repositories/NarutoRepository.ts": {"path":"/Users/jhoancanchila/Documents/projects-react/countries-info/src/domain/repositories/NarutoRepository.ts","statementMap":{},"fnMap":{},"branchMap":{},"s":{},"f":{},"b":{}}
,"/Users/jhoancanchila/Documents/projects-react/countries-info/src/domain/useCases/getCharacter.ts": {"path":"/Users/jhoancanchila/Documents/projects-react/countries-info/src/domain/useCases/getCharacter.ts","statementMap":{"0":{"start":{"line":4,"column":29},"end":{"line":6,"column":1}},"1":{"start":{"line":5,"column":4},"end":{"line":5,"column":52}},"2":{"start":{"line":8,"column":36},"end":{"line":10,"column":1}},"3":{"start":{"line":9,"column":4},"end":{"line":9,"column":57}}},"fnMap":{"0":{"name":"(anonymous_0)","decl":{"start":{"line":4,"column":29},"end":{"line":4,"column":30}},"loc":{"start":{"line":4,"column":105},"end":{"line":6,"column":1}},"line":4},"1":{"name":"(anonymous_1)","decl":{"start":{"line":8,"column":36},"end":{"line":8,"column":37}},"loc":{"start":{"line":8,"column":120},"end":{"line":10,"column":1}},"line":8}},"branchMap":{},"s":{"0":1,"1":2,"2":1,"3":0},"f":{"0":2,"1":0},"b":{},"_coverageSchema":"1a1c01bbd47fc00a2c39e90264f33305004495a9","hash":"ee9c2b71bf6888402c98969d1286ea04d72540c6"}
,"/Users/jhoancanchila/Documents/projects-react/countries-info/src/domain/useCases/getCountries.ts": {"path":"/Users/jhoancanchila/Documents/projects-react/countries-info/src/domain/useCases/getCountries.ts","statementMap":{"0":{"start":{"line":8,"column":4},"end":{"line":8,"column":57}},"1":{"start":{"line":16,"column":4},"end":{"line":16,"column":66}}},"fnMap":{"0":{"name":"(anonymous_0)","decl":{"start":{"line":5,"column":2},"end":{"line":5,"column":3}},"loc":{"start":{"line":5,"column":60},"end":{"line":5,"column":62}},"line":5},"1":{"name":"(anonymous_1)","decl":{"start":{"line":7,"column":2},"end":{"line":7,"column":3}},"loc":{"start":{"line":7,"column":38},"end":{"line":9,"column":3}},"line":7},"2":{"name":"(anonymous_2)","decl":{"start":{"line":13,"column":2},"end":{"line":13,"column":3}},"loc":{"start":{"line":13,"column":60},"end":{"line":13,"column":62}},"line":13},"3":{"name":"(anonymous_3)","decl":{"start":{"line":15,"column":2},"end":{"line":15,"column":3}},"loc":{"start":{"line":15,"column":51},"end":{"line":17,"column":3}},"line":15}},"branchMap":{},"s":{"0":0,"1":1},"f":{"0":1,"1":0,"2":1,"3":1},"b":{},"_coverageSchema":"1a1c01bbd47fc00a2c39e90264f33305004495a9","hash":"be441086eb4965360b0dc230a7aea09904f4bf09"}
,"/Users/jhoancanchila/Documents/projects-react/countries-info/src/domain/useCases/getNarutoCharacters.ts": {"path":"/Users/jhoancanchila/Documents/projects-react/countries-info/src/domain/useCases/getNarutoCharacters.ts","statementMap":{"0":{"start":{"line":5,"column":36},"end":{"line":7,"column":1}},"1":{"start":{"line":6,"column":4},"end":{"line":6,"column":49}},"2":{"start":{"line":9,"column":43},"end":{"line":11,"column":1}},"3":{"start":{"line":10,"column":4},"end":{"line":10,"column":54}}},"fnMap":{"0":{"name":"(anonymous_0)","decl":{"start":{"line":5,"column":36},"end":{"line":5,"column":37}},"loc":{"start":{"line":5,"column":106},"end":{"line":7,"column":1}},"line":5},"1":{"name":"(anonymous_1)","decl":{"start":{"line":9,"column":43},"end":{"line":9,"column":44}},"loc":{"start":{"line":9,"column":119},"end":{"line":11,"column":1}},"line":9}},"branchMap":{},"s":{"0":0,"1":0,"2":0,"3":0},"f":{"0":0,"1":0},"b":{}}
,"/Users/jhoancanchila/Documents/projects-react/countries-info/src/infrastructure/adapters/character.adapter.ts": {"path":"/Users/jhoancanchila/Documents/projects-react/countries-info/src/infrastructure/adapters/character.adapter.ts","statementMap":{"0":{"start":{"line":4,"column":38},"end":{"line":14,"column":1}},"1":{"start":{"line":5,"column":2},"end":{"line":13,"column":4}}},"fnMap":{"0":{"name":"(anonymous_0)","decl":{"start":{"line":4,"column":38},"end":{"line":4,"column":39}},"loc":{"start":{"line":4,"column":82},"end":{"line":14,"column":1}},"line":4}},"branchMap":{},"s":{"0":0,"1":0},"f":{"0":0},"b":{}}
,"/Users/jhoancanchila/Documents/projects-react/countries-info/src/infrastructure/adapters/charactersNaruto.adapter.ts": {"path":"/Users/jhoancanchila/Documents/projects-react/countries-info/src/infrastructure/adapters/charactersNaruto.adapter.ts","statementMap":{"0":{"start":{"line":4,"column":44},"end":{"line":14,"column":1}},"1":{"start":{"line":5,"column":2},"end":{"line":13,"column":4}}},"fnMap":{"0":{"name":"(anonymous_0)","decl":{"start":{"line":4,"column":44},"end":{"line":4,"column":45}},"loc":{"start":{"line":4,"column":83},"end":{"line":14,"column":1}},"line":4}},"branchMap":{},"s":{"0":0,"1":0},"f":{"0":0},"b":{}}
,"/Users/jhoancanchila/Documents/projects-react/countries-info/src/infrastructure/adapters/country.adapter.ts": {"path":"/Users/jhoancanchila/Documents/projects-react/countries-info/src/infrastructure/adapters/country.adapter.ts","statementMap":{"0":{"start":{"line":3,"column":36},"end":{"line":11,"column":2}},"1":{"start":{"line":3,"column":66},"end":{"line":11,"column":1}}},"fnMap":{"0":{"name":"(anonymous_0)","decl":{"start":{"line":3,"column":36},"end":{"line":3,"column":37}},"loc":{"start":{"line":3,"column":66},"end":{"line":11,"column":1}},"line":3}},"branchMap":{},"s":{"0":0,"1":0},"f":{"0":0},"b":{}}
,"/Users/jhoancanchila/Documents/projects-react/countries-info/src/infrastructure/api/CharacterApi.ts": {"path":"/Users/jhoancanchila/Documents/projects-react/countries-info/src/infrastructure/api/CharacterApi.ts","statementMap":{"0":{"start":{"line":2,"column":17},"end":{"line":2,"column":60}},"1":{"start":{"line":4,"column":34},"end":{"line":12,"column":1}},"2":{"start":{"line":5,"column":19},"end":{"line":5,"column":43}},"3":{"start":{"line":6,"column":21},"end":{"line":6,"column":56}},"4":{"start":{"line":7,"column":4},"end":{"line":9,"column":5}},"5":{"start":{"line":8,"column":8},"end":{"line":8,"column":54}},"6":{"start":{"line":10,"column":17},"end":{"line":10,"column":38}},"7":{"start":{"line":11,"column":4},"end":{"line":11,"column":16}},"8":{"start":{"line":14,"column":39},"end":{"line":22,"column":1}},"9":{"start":{"line":15,"column":18},"end":{"line":15,"column":34}},"10":{"start":{"line":16,"column":21},"end":{"line":16,"column":55}},"11":{"start":{"line":17,"column":4},"end":{"line":19,"column":5}},"12":{"start":{"line":18,"column":8},"end":{"line":18,"column":64}},"13":{"start":{"line":20,"column":17},"end":{"line":20,"column":38}},"14":{"start":{"line":21,"column":4},"end":{"line":21,"column":16}}},"fnMap":{"0":{"name":"(anonymous_0)","decl":{"start":{"line":4,"column":34},"end":{"line":4,"column":35}},"loc":{"start":{"line":4,"column":81},"end":{"line":12,"column":1}},"line":4},"1":{"name":"(anonymous_1)","decl":{"start":{"line":14,"column":39},"end":{"line":14,"column":40}},"loc":{"start":{"line":14,"column":90},"end":{"line":22,"column":1}},"line":14}},"branchMap":{"0":{"loc":{"start":{"line":4,"column":41},"end":{"line":4,"column":57}},"type":"default-arg","locations":[{"start":{"line":4,"column":56},"end":{"line":4,"column":57}}],"line":4},"1":{"loc":{"start":{"line":7,"column":4},"end":{"line":9,"column":5}},"type":"if","locations":[{"start":{"line":7,"column":4},"end":{"line":9,"column":5}},{"start":{},"end":{}}],"line":7},"2":{"loc":{"start":{"line":17,"column":4},"end":{"line":19,"column":5}},"type":"if","locations":[{"start":{"line":17,"column":4},"end":{"line":19,"column":5}},{"start":{},"end":{}}],"line":17}},"s":{"0":0,"1":0,"2":0,"3":0,"4":0,"5":0,"6":0,"7":0,"8":0,"9":0,"10":0,"11":0,"12":0,"13":0,"14":0},"f":{"0":0,"1":0},"b":{"0":[0],"1":[0,0],"2":[0,0]}}
,"/Users/jhoancanchila/Documents/projects-react/countries-info/src/infrastructure/api/CountryApi.ts": {"path":"/Users/jhoancanchila/Documents/projects-react/countries-info/src/infrastructure/api/CountryApi.ts","statementMap":{"0":{"start":{"line":3,"column":17},"end":{"line":3,"column":49}},"1":{"start":{"line":5,"column":32},"end":{"line":13,"column":1}},"2":{"start":{"line":6,"column":19},"end":{"line":6,"column":36}},"3":{"start":{"line":7,"column":19},"end":{"line":7,"column":45}},"4":{"start":{"line":8,"column":2},"end":{"line":10,"column":3}},"5":{"start":{"line":9,"column":4},"end":{"line":9,"column":49}},"6":{"start":{"line":11,"column":15},"end":{"line":11,"column":36}},"7":{"start":{"line":12,"column":2},"end":{"line":12,"column":14}},"8":{"start":{"line":15,"column":36},"end":{"line":23,"column":1}},"9":{"start":{"line":16,"column":18},"end":{"line":16,"column":33}},"10":{"start":{"line":17,"column":21},"end":{"line":17,"column":56}},"11":{"start":{"line":18,"column":4},"end":{"line":20,"column":5}},"12":{"start":{"line":19,"column":8},"end":{"line":19,"column":64}},"13":{"start":{"line":21,"column":17},"end":{"line":21,"column":38}},"14":{"start":{"line":22,"column":4},"end":{"line":22,"column":16}}},"fnMap":{"0":{"name":"(anonymous_0)","decl":{"start":{"line":5,"column":32},"end":{"line":5,"column":33}},"loc":{"start":{"line":5,"column":64},"end":{"line":13,"column":1}},"line":5},"1":{"name":"(anonymous_1)","decl":{"start":{"line":15,"column":36},"end":{"line":15,"column":37}},"loc":{"start":{"line":15,"column":80},"end":{"line":23,"column":1}},"line":15}},"branchMap":{"0":{"loc":{"start":{"line":8,"column":2},"end":{"line":10,"column":3}},"type":"if","locations":[{"start":{"line":8,"column":2},"end":{"line":10,"column":3}},{"start":{},"end":{}}],"line":8},"1":{"loc":{"start":{"line":18,"column":4},"end":{"line":20,"column":5}},"type":"if","locations":[{"start":{"line":18,"column":4},"end":{"line":20,"column":5}},{"start":{},"end":{}}],"line":18}},"s":{"0":0,"1":0,"2":0,"3":0,"4":0,"5":0,"6":0,"7":0,"8":0,"9":0,"10":0,"11":0,"12":0,"13":0,"14":0},"f":{"0":0,"1":0},"b":{"0":[0,0],"1":[0,0]}}
,"/Users/jhoancanchila/Documents/projects-react/countries-info/src/infrastructure/api/NarutoApi.ts": {"path":"/Users/jhoancanchila/Documents/projects-react/countries-info/src/infrastructure/api/NarutoApi.ts","statementMap":{"0":{"start":{"line":4,"column":17},"end":{"line":4,"column":53}},"1":{"start":{"line":6,"column":31},"end":{"line":13,"column":1}},"2":{"start":{"line":7,"column":19},"end":{"line":7,"column":67}},"3":{"start":{"line":8,"column":2},"end":{"line":10,"column":3}},"4":{"start":{"line":9,"column":4},"end":{"line":9,"column":60}},"5":{"start":{"line":11,"column":15},"end":{"line":11,"column":36}},"6":{"start":{"line":12,"column":2},"end":{"line":12,"column":14}},"7":{"start":{"line":15,"column":35},"end":{"line":22,"column":1}},"8":{"start":{"line":16,"column":19},"end":{"line":16,"column":59}},"9":{"start":{"line":17,"column":2},"end":{"line":19,"column":3}},"10":{"start":{"line":18,"column":4},"end":{"line":18,"column":70}},"11":{"start":{"line":20,"column":15},"end":{"line":20,"column":36}},"12":{"start":{"line":21,"column":2},"end":{"line":21,"column":14}}},"fnMap":{"0":{"name":"(anonymous_0)","decl":{"start":{"line":6,"column":31},"end":{"line":6,"column":32}},"loc":{"start":{"line":6,"column":76},"end":{"line":13,"column":1}},"line":6},"1":{"name":"(anonymous_1)","decl":{"start":{"line":15,"column":35},"end":{"line":15,"column":36}},"loc":{"start":{"line":15,"column":82},"end":{"line":22,"column":1}},"line":15}},"branchMap":{"0":{"loc":{"start":{"line":6,"column":38},"end":{"line":6,"column":54}},"type":"default-arg","locations":[{"start":{"line":6,"column":53},"end":{"line":6,"column":54}}],"line":6},"1":{"loc":{"start":{"line":8,"column":2},"end":{"line":10,"column":3}},"type":"if","locations":[{"start":{"line":8,"column":2},"end":{"line":10,"column":3}},{"start":{},"end":{}}],"line":8},"2":{"loc":{"start":{"line":17,"column":2},"end":{"line":19,"column":3}},"type":"if","locations":[{"start":{"line":17,"column":2},"end":{"line":19,"column":3}},{"start":{},"end":{}}],"line":17}},"s":{"0":0,"1":0,"2":0,"3":0,"4":0,"5":0,"6":0,"7":0,"8":0,"9":0,"10":0,"11":0,"12":0},"f":{"0":0,"1":0},"b":{"0":[0],"1":[0,0],"2":[0,0]}}
,"/Users/jhoancanchila/Documents/projects-react/countries-info/src/infrastructure/context/menuContext/MenuContext.ts": {"path":"/Users/jhoancanchila/Documents/projects-react/countries-info/src/infrastructure/context/menuContext/MenuContext.ts","statementMap":{"0":{"start":{"line":10,"column":20},"end":{"line":10,"column":73}}},"fnMap":{},"branchMap":{},"s":{"0":0},"f":{},"b":{}}
,"/Users/jhoancanchila/Documents/projects-react/countries-info/src/infrastructure/context/menuContext/MenuProvider.tsx": {"path":"/Users/jhoancanchila/Documents/projects-react/countries-info/src/infrastructure/context/menuContext/MenuProvider.tsx","statementMap":{"0":{"start":{"line":9,"column":58},"end":{"line":22,"column":1}},"1":{"start":{"line":10,"column":26},"end":{"line":10,"column":46}},"2":{"start":{"line":12,"column":21},"end":{"line":15,"column":3}},"3":{"start":{"line":13,"column":4},"end":{"line":13,"column":26}},"4":{"start":{"line":14,"column":4},"end":{"line":14,"column":38}},"5":{"start":{"line":17,"column":2},"end":{"line":21,"column":4}}},"fnMap":{"0":{"name":"(anonymous_0)","decl":{"start":{"line":9,"column":58},"end":{"line":9,"column":59}},"loc":{"start":{"line":9,"column":76},"end":{"line":22,"column":1}},"line":9},"1":{"name":"(anonymous_1)","decl":{"start":{"line":12,"column":21},"end":{"line":12,"column":22}},"loc":{"start":{"line":12,"column":47},"end":{"line":15,"column":3}},"line":12}},"branchMap":{},"s":{"0":0,"1":0,"2":0,"3":0,"4":0,"5":0},"f":{"0":0,"1":0},"b":{}}
,"/Users/jhoancanchila/Documents/projects-react/countries-info/src/infrastructure/repositories/CharacterRepositoryImp.ts": {"path":"/Users/jhoancanchila/Documents/projects-react/countries-info/src/infrastructure/repositories/CharacterRepositoryImp.ts","statementMap":{"0":{"start":{"line":5,"column":38},"end":{"line":16,"column":1}},"1":{"start":{"line":6,"column":4},"end":{"line":15,"column":6}},"2":{"start":{"line":8,"column":31},"end":{"line":8,"column":61}},"3":{"start":{"line":9,"column":12},"end":{"line":9,"column":30}},"4":{"start":{"line":12,"column":31},"end":{"line":12,"column":67}},"5":{"start":{"line":13,"column":12},"end":{"line":13,"column":112}},"6":{"start":{"line":13,"column":52},"end":{"line":13,"column":110}}},"fnMap":{"0":{"name":"(anonymous_0)","decl":{"start":{"line":5,"column":38},"end":{"line":5,"column":39}},"loc":{"start":{"line":5,"column":65},"end":{"line":16,"column":1}},"line":5},"1":{"name":"(anonymous_1)","decl":{"start":{"line":7,"column":26},"end":{"line":7,"column":27}},"loc":{"start":{"line":7,"column":69},"end":{"line":10,"column":9}},"line":7},"2":{"name":"(anonymous_2)","decl":{"start":{"line":11,"column":30},"end":{"line":11,"column":31}},"loc":{"start":{"line":11,"column":81},"end":{"line":14,"column":9}},"line":11},"3":{"name":"(anonymous_3)","decl":{"start":{"line":13,"column":37},"end":{"line":13,"column":38}},"loc":{"start":{"line":13,"column":52},"end":{"line":13,"column":110}},"line":13}},"branchMap":{},"s":{"0":1,"1":2,"2":2,"3":1,"4":0,"5":0,"6":0},"f":{"0":2,"1":2,"2":0,"3":0},"b":{},"_coverageSchema":"1a1c01bbd47fc00a2c39e90264f33305004495a9","hash":"0972e55d08c34ab260bd48b627b8e12562de7d58"}
,"/Users/jhoancanchila/Documents/projects-react/countries-info/src/infrastructure/repositories/CountryRepositoryImp.ts": {"path":"/Users/jhoancanchila/Documents/projects-react/countries-info/src/infrastructure/repositories/CountryRepositoryImp.ts","statementMap":{"0":{"start":{"line":7,"column":22},"end":{"line":7,"column":46}},"1":{"start":{"line":8,"column":4},"end":{"line":8,"column":21}},"2":{"start":{"line":12,"column":22},"end":{"line":12,"column":55}},"3":{"start":{"line":13,"column":4},"end":{"line":13,"column":21}}},"fnMap":{"0":{"name":"(anonymous_0)","decl":{"start":{"line":6,"column":2},"end":{"line":6,"column":3}},"loc":{"start":{"line":6,"column":45},"end":{"line":9,"column":3}},"line":6},"1":{"name":"(anonymous_1)","decl":{"start":{"line":11,"column":2},"end":{"line":11,"column":3}},"loc":{"start":{"line":11,"column":62},"end":{"line":14,"column":3}},"line":11}},"branchMap":{},"s":{"0":0,"1":0,"2":0,"3":0},"f":{"0":0,"1":0},"b":{}}
,"/Users/jhoancanchila/Documents/projects-react/countries-info/src/infrastructure/repositories/NarutoRepositoryImpl.ts": {"path":"/Users/jhoancanchila/Documents/projects-react/countries-info/src/infrastructure/repositories/NarutoRepositoryImpl.ts","statementMap":{"0":{"start":{"line":6,"column":36},"end":{"line":22,"column":1}},"1":{"start":{"line":7,"column":26},"end":{"line":10,"column":5}},"2":{"start":{"line":8,"column":27},"end":{"line":8,"column":54}},"3":{"start":{"line":9,"column":8},"end":{"line":9,"column":26}},"4":{"start":{"line":12,"column":30},"end":{"line":15,"column":5}},"5":{"start":{"line":13,"column":27},"end":{"line":13,"column":59}},"6":{"start":{"line":14,"column":8},"end":{"line":14,"column":26}},"7":{"start":{"line":17,"column":4},"end":{"line":20,"column":6}}},"fnMap":{"0":{"name":"(anonymous_0)","decl":{"start":{"line":6,"column":36},"end":{"line":6,"column":37}},"loc":{"start":{"line":6,"column":60},"end":{"line":22,"column":1}},"line":6},"1":{"name":"(anonymous_1)","decl":{"start":{"line":7,"column":26},"end":{"line":7,"column":27}},"loc":{"start":{"line":7,"column":67},"end":{"line":10,"column":5}},"line":7},"2":{"name":"(anonymous_2)","decl":{"start":{"line":12,"column":30},"end":{"line":12,"column":31}},"loc":{"start":{"line":12,"column":77},"end":{"line":15,"column":5}},"line":12}},"branchMap":{},"s":{"0":0,"1":0,"2":0,"3":0,"4":0,"5":0,"6":0,"7":0},"f":{"0":0,"1":0,"2":0},"b":{}}
,"/Users/jhoancanchila/Documents/projects-react/countries-info/src/infrastructure/stores/CharacterStore.ts": {"path":"/Users/jhoancanchila/Documents/projects-react/countries-info/src/infrastructure/stores/CharacterStore.ts","statementMap":{"0":{"start":{"line":12,"column":33},"end":{"line":17,"column":3}},"1":{"start":{"line":12,"column":66},"end":{"line":17,"column":1}},"2":{"start":{"line":14,"column":46},"end":{"line":14,"column":65}},"3":{"start":{"line":16,"column":61},"end":{"line":16,"column":100}}},"fnMap":{"0":{"name":"(anonymous_0)","decl":{"start":{"line":12,"column":56},"end":{"line":12,"column":57}},"loc":{"start":{"line":12,"column":66},"end":{"line":17,"column":1}},"line":12},"1":{"name":"(anonymous_1)","decl":{"start":{"line":14,"column":19},"end":{"line":14,"column":20}},"loc":{"start":{"line":14,"column":46},"end":{"line":14,"column":65}},"line":14},"2":{"name":"(anonymous_2)","decl":{"start":{"line":16,"column":27},"end":{"line":16,"column":28}},"loc":{"start":{"line":16,"column":61},"end":{"line":16,"column":100}},"line":16}},"branchMap":{},"s":{"0":0,"1":0,"2":0,"3":0},"f":{"0":0,"1":0,"2":0},"b":{}}
,"/Users/jhoancanchila/Documents/projects-react/countries-info/src/infrastructure/stores/CountryStore.ts": {"path":"/Users/jhoancanchila/Documents/projects-react/countries-info/src/infrastructure/stores/CountryStore.ts","statementMap":{"0":{"start":{"line":11,"column":31},"end":{"line":16,"column":3}},"1":{"start":{"line":11,"column":62},"end":{"line":16,"column":1}},"2":{"start":{"line":13,"column":33},"end":{"line":13,"column":53}},"3":{"start":{"line":15,"column":47},"end":{"line":15,"column":73}}},"fnMap":{"0":{"name":"(anonymous_0)","decl":{"start":{"line":11,"column":52},"end":{"line":11,"column":53}},"loc":{"start":{"line":11,"column":62},"end":{"line":16,"column":1}},"line":11},"1":{"name":"(anonymous_1)","decl":{"start":{"line":13,"column":16},"end":{"line":13,"column":17}},"loc":{"start":{"line":13,"column":33},"end":{"line":13,"column":53}},"line":13},"2":{"name":"(anonymous_2)","decl":{"start":{"line":15,"column":24},"end":{"line":15,"column":25}},"loc":{"start":{"line":15,"column":47},"end":{"line":15,"column":73}},"line":15}},"branchMap":{},"s":{"0":0,"1":0,"2":0,"3":0},"f":{"0":0,"1":0,"2":0},"b":{}}
,"/Users/jhoancanchila/Documents/projects-react/countries-info/src/infrastructure/stores/ModalStore.ts": {"path":"/Users/jhoancanchila/Documents/projects-react/countries-info/src/infrastructure/stores/ModalStore.ts","statementMap":{"0":{"start":{"line":17,"column":29},"end":{"line":22,"column":3}},"1":{"start":{"line":17,"column":58},"end":{"line":22,"column":1}},"2":{"start":{"line":20,"column":36},"end":{"line":20,"column":96}},"3":{"start":{"line":21,"column":20},"end":{"line":21,"column":64}}},"fnMap":{"0":{"name":"(anonymous_0)","decl":{"start":{"line":17,"column":48},"end":{"line":17,"column":49}},"loc":{"start":{"line":17,"column":58},"end":{"line":22,"column":1}},"line":17},"1":{"name":"(anonymous_1)","decl":{"start":{"line":20,"column":13},"end":{"line":20,"column":14}},"loc":{"start":{"line":20,"column":36},"end":{"line":20,"column":96}},"line":20},"2":{"name":"(anonymous_2)","decl":{"start":{"line":21,"column":14},"end":{"line":21,"column":15}},"loc":{"start":{"line":21,"column":20},"end":{"line":21,"column":64}},"line":21}},"branchMap":{},"s":{"0":1,"1":1,"2":0,"3":0},"f":{"0":1,"1":0,"2":0},"b":{},"_coverageSchema":"1a1c01bbd47fc00a2c39e90264f33305004495a9","hash":"f9f8d61ee1223f8e03121be8ca3ba38a6435da18"}
,"/Users/jhoancanchila/Documents/projects-react/countries-info/src/infrastructure/stores/NarutoStore.ts": {"path":"/Users/jhoancanchila/Documents/projects-react/countries-info/src/infrastructure/stores/NarutoStore.ts","statementMap":{"0":{"start":{"line":12,"column":30},"end":{"line":17,"column":3}},"1":{"start":{"line":12,"column":60},"end":{"line":17,"column":1}},"2":{"start":{"line":14,"column":45},"end":{"line":14,"column":70}},"3":{"start":{"line":16,"column":66},"end":{"line":16,"column":98}}},"fnMap":{"0":{"name":"(anonymous_0)","decl":{"start":{"line":12,"column":50},"end":{"line":12,"column":51}},"loc":{"start":{"line":12,"column":60},"end":{"line":17,"column":1}},"line":12},"1":{"name":"(anonymous_1)","decl":{"start":{"line":14,"column":15},"end":{"line":14,"column":16}},"loc":{"start":{"line":14,"column":45},"end":{"line":14,"column":70}},"line":14},"2":{"name":"(anonymous_2)","decl":{"start":{"line":16,"column":23},"end":{"line":16,"column":24}},"loc":{"start":{"line":16,"column":66},"end":{"line":16,"column":98}},"line":16}},"branchMap":{},"s":{"0":0,"1":0,"2":0,"3":0},"f":{"0":0,"1":0,"2":0},"b":{}}
,"/Users/jhoancanchila/Documents/projects-react/countries-info/src/plugins/TanStackProvider.tsx": {"path":"/Users/jhoancanchila/Documents/projects-react/countries-info/src/plugins/TanStackProvider.tsx","statementMap":{"0":{"start":{"line":5,"column":20},"end":{"line":11,"column":2}},"1":{"start":{"line":14,"column":25},"end":{"line":21,"column":1}},"2":{"start":{"line":15,"column":2},"end":{"line":20,"column":3}}},"fnMap":{"0":{"name":"(anonymous_0)","decl":{"start":{"line":14,"column":25},"end":{"line":14,"column":26}},"loc":{"start":{"line":14,"column":68},"end":{"line":21,"column":1}},"line":14}},"branchMap":{},"s":{"0":0,"1":0,"2":0},"f":{"0":0},"b":{}}
,"/Users/jhoancanchila/Documents/projects-react/countries-info/src/presentation/components/Card/Card.tsx": {"path":"/Users/jhoancanchila/Documents/projects-react/countries-info/src/presentation/components/Card/Card.tsx","statementMap":{"0":{"start":{"line":12,"column":28},"end":{"line":54,"column":1}},"1":{"start":{"line":14,"column":66},"end":{"line":14,"column":75}},"2":{"start":{"line":16,"column":33},"end":{"line":16,"column":48}},"3":{"start":{"line":18,"column":24},"end":{"line":18,"column":39}},"4":{"start":{"line":20,"column":23},"end":{"line":20,"column":60}},"5":{"start":{"line":24,"column":2},"end":{"line":53,"column":3}},"6":{"start":{"line":28,"column":21},"end":{"line":28,"column":71}}},"fnMap":{"0":{"name":"(anonymous_0)","decl":{"start":{"line":12,"column":28},"end":{"line":12,"column":29}},"loc":{"start":{"line":12,"column":47},"end":{"line":54,"column":1}},"line":12},"1":{"name":"(anonymous_1)","decl":{"start":{"line":28,"column":15},"end":{"line":28,"column":16}},"loc":{"start":{"line":28,"column":21},"end":{"line":28,"column":71}},"line":28}},"branchMap":{"0":{"loc":{"start":{"line":28,"column":21},"end":{"line":28,"column":71}},"type":"binary-expr","locations":[{"start":{"line":28,"column":21},"end":{"line":28,"column":33}},{"start":{"line":28,"column":37},"end":{"line":28,"column":71}}],"line":28},"1":{"loc":{"start":{"line":31,"column":8},"end":{"line":43,"column":17}},"type":"cond-expr","locations":[{"start":{"line":32,"column":10},"end":{"line":32,"column":81}},{"start":{"line":36,"column":8},"end":{"line":43,"column":17}}],"line":31}},"s":{"0":1,"1":2,"2":2,"3":2,"4":2,"5":2,"6":0},"f":{"0":2,"1":0},"b":{"0":[0,0],"1":[1,1]},"_coverageSchema":"1a1c01bbd47fc00a2c39e90264f33305004495a9","hash":"1a0384c6957621c5f1a70ecde4a70432e3364cf9"}
,"/Users/jhoancanchila/Documents/projects-react/countries-info/src/presentation/components/CardLoader/CardLoader.tsx": {"path":"/Users/jhoancanchila/Documents/projects-react/countries-info/src/presentation/components/CardLoader/CardLoader.tsx","statementMap":{"0":{"start":{"line":1,"column":30},"end":{"line":14,"column":1}},"1":{"start":{"line":2,"column":2},"end":{"line":13,"column":3}}},"fnMap":{"0":{"name":"(anonymous_0)","decl":{"start":{"line":1,"column":30},"end":{"line":1,"column":31}},"loc":{"start":{"line":1,"column":36},"end":{"line":14,"column":1}},"line":1}},"branchMap":{},"s":{"0":0,"1":0},"f":{"0":0},"b":{}}
,"/Users/jhoancanchila/Documents/projects-react/countries-info/src/presentation/components/ContainerCard/ContainerCard.tsx": {"path":"/Users/jhoancanchila/Documents/projects-react/countries-info/src/presentation/components/ContainerCard/ContainerCard.tsx","statementMap":{"0":{"start":{"line":7,"column":13},"end":{"line":7,"column":47}},"1":{"start":{"line":7,"column":24},"end":{"line":7,"column":46}},"2":{"start":{"line":13,"column":39},"end":{"line":32,"column":1}},"3":{"start":{"line":15,"column":2},"end":{"line":31,"column":3}},"4":{"start":{"line":23,"column":10},"end":{"line":25,"column":21}}},"fnMap":{"0":{"name":"(anonymous_0)","decl":{"start":{"line":7,"column":18},"end":{"line":7,"column":19}},"loc":{"start":{"line":7,"column":24},"end":{"line":7,"column":46}},"line":7},"1":{"name":"(anonymous_1)","decl":{"start":{"line":13,"column":39},"end":{"line":13,"column":40}},"loc":{"start":{"line":13,"column":53},"end":{"line":32,"column":1}},"line":13},"2":{"name":"(anonymous_2)","decl":{"start":{"line":22,"column":17},"end":{"line":22,"column":18}},"loc":{"start":{"line":23,"column":10},"end":{"line":25,"column":21}},"line":23}},"branchMap":{"0":{"loc":{"start":{"line":17,"column":6},"end":{"line":19,"column":58}},"type":"cond-expr","locations":[{"start":{"line":18,"column":10},"end":{"line":18,"column":58}},{"start":{"line":19,"column":10},"end":{"line":19,"column":58}}],"line":17}},"s":{"0":0,"1":0,"2":0,"3":0,"4":0},"f":{"0":0,"1":0,"2":0},"b":{"0":[0,0]}}
,"/Users/jhoancanchila/Documents/projects-react/countries-info/src/presentation/components/Containerbuttons/ContainerButtons.tsx": {"path":"/Users/jhoancanchila/Documents/projects-react/countries-info/src/presentation/components/Containerbuttons/ContainerButtons.tsx","statementMap":{"0":{"start":{"line":5,"column":36},"end":{"line":9,"column":1}},"1":{"start":{"line":6,"column":2},"end":{"line":8,"column":3}}},"fnMap":{"0":{"name":"(anonymous_0)","decl":{"start":{"line":5,"column":36},"end":{"line":5,"column":37}},"loc":{"start":{"line":5,"column":44},"end":{"line":9,"column":1}},"line":5}},"branchMap":{},"s":{"0":0,"1":0},"f":{"0":0},"b":{}}
,"/Users/jhoancanchila/Documents/projects-react/countries-info/src/presentation/components/FloatingButton/FloatingButtonScroll.tsx": {"path":"/Users/jhoancanchila/Documents/projects-react/countries-info/src/presentation/components/FloatingButton/FloatingButtonScroll.tsx","statementMap":{"0":{"start":{"line":4,"column":32},"end":{"line":38,"column":1}},"1":{"start":{"line":5,"column":52},"end":{"line":5,"column":67}},"2":{"start":{"line":7,"column":2},"end":{"line":17,"column":24}},"3":{"start":{"line":8,"column":4},"end":{"line":16,"column":6}},"4":{"start":{"line":9,"column":29},"end":{"line":9,"column":47}},"5":{"start":{"line":11,"column":6},"end":{"line":15,"column":7}},"6":{"start":{"line":12,"column":8},"end":{"line":12,"column":33}},"7":{"start":{"line":14,"column":8},"end":{"line":14,"column":34}},"8":{"start":{"line":19,"column":28},"end":{"line":21,"column":3}},"9":{"start":{"line":20,"column":4},"end":{"line":20,"column":18}},"10":{"start":{"line":23,"column":2},"end":{"line":37,"column":3}}},"fnMap":{"0":{"name":"(anonymous_0)","decl":{"start":{"line":4,"column":32},"end":{"line":4,"column":33}},"loc":{"start":{"line":4,"column":38},"end":{"line":38,"column":1}},"line":4},"1":{"name":"(anonymous_1)","decl":{"start":{"line":7,"column":12},"end":{"line":7,"column":13}},"loc":{"start":{"line":7,"column":18},"end":{"line":17,"column":3}},"line":7},"2":{"name":"(anonymous_2)","decl":{"start":{"line":8,"column":22},"end":{"line":8,"column":23}},"loc":{"start":{"line":8,"column":28},"end":{"line":16,"column":5}},"line":8},"3":{"name":"(anonymous_3)","decl":{"start":{"line":19,"column":28},"end":{"line":19,"column":29}},"loc":{"start":{"line":19,"column":34},"end":{"line":21,"column":3}},"line":19}},"branchMap":{"0":{"loc":{"start":{"line":11,"column":6},"end":{"line":15,"column":7}},"type":"if","locations":[{"start":{"line":11,"column":6},"end":{"line":15,"column":7}},{"start":{"line":13,"column":13},"end":{"line":15,"column":7}}],"line":11},"1":{"loc":{"start":{"line":25,"column":7},"end":{"line":34,"column":12}},"type":"cond-expr","locations":[{"start":{"line":26,"column":8},"end":{"line":32,"column":14}},{"start":{"line":34,"column":8},"end":{"line":34,"column":12}}],"line":25}},"s":{"0":0,"1":0,"2":0,"3":0,"4":0,"5":0,"6":0,"7":0,"8":0,"9":0,"10":0},"f":{"0":0,"1":0,"2":0,"3":0},"b":{"0":[0,0],"1":[0,0]}}
,"/Users/jhoancanchila/Documents/projects-react/countries-info/src/presentation/components/ModalDetails/ModalDetails.tsx": {"path":"/Users/jhoancanchila/Documents/projects-react/countries-info/src/presentation/components/ModalDetails/ModalDetails.tsx","statementMap":{"0":{"start":{"line":5,"column":25},"end":{"line":48,"column":1}},"1":{"start":{"line":7,"column":36},"end":{"line":7,"column":51}},"2":{"start":{"line":9,"column":20},"end":{"line":9,"column":58}},"3":{"start":{"line":11,"column":2},"end":{"line":15,"column":18}},"4":{"start":{"line":12,"column":4},"end":{"line":14,"column":5}},"5":{"start":{"line":13,"column":6},"end":{"line":13,"column":36}},"6":{"start":{"line":17,"column":2},"end":{"line":17,"column":30}},"7":{"start":{"line":17,"column":18},"end":{"line":17,"column":30}},"8":{"start":{"line":19,"column":22},"end":{"line":24,"column":3}},"9":{"start":{"line":20,"column":4},"end":{"line":22,"column":5}},"10":{"start":{"line":21,"column":6},"end":{"line":21,"column":32}},"11":{"start":{"line":23,"column":4},"end":{"line":23,"column":17}},"12":{"start":{"line":27,"column":2},"end":{"line":47,"column":3}}},"fnMap":{"0":{"name":"(anonymous_0)","decl":{"start":{"line":5,"column":25},"end":{"line":5,"column":26}},"loc":{"start":{"line":5,"column":31},"end":{"line":48,"column":1}},"line":5},"1":{"name":"(anonymous_1)","decl":{"start":{"line":11,"column":12},"end":{"line":11,"column":13}},"loc":{"start":{"line":11,"column":18},"end":{"line":15,"column":3}},"line":11},"2":{"name":"(anonymous_2)","decl":{"start":{"line":19,"column":22},"end":{"line":19,"column":23}},"loc":{"start":{"line":19,"column":28},"end":{"line":24,"column":3}},"line":19}},"branchMap":{"0":{"loc":{"start":{"line":12,"column":4},"end":{"line":14,"column":5}},"type":"if","locations":[{"start":{"line":12,"column":4},"end":{"line":14,"column":5}},{"start":{},"end":{}}],"line":12},"1":{"loc":{"start":{"line":12,"column":8},"end":{"line":12,"column":38}},"type":"binary-expr","locations":[{"start":{"line":12,"column":8},"end":{"line":12,"column":17}},{"start":{"line":12,"column":21},"end":{"line":12,"column":38}}],"line":12},"2":{"loc":{"start":{"line":17,"column":2},"end":{"line":17,"column":30}},"type":"if","locations":[{"start":{"line":17,"column":2},"end":{"line":17,"column":30}},{"start":{},"end":{}}],"line":17},"3":{"loc":{"start":{"line":20,"column":4},"end":{"line":22,"column":5}},"type":"if","locations":[{"start":{"line":20,"column":4},"end":{"line":22,"column":5}},{"start":{},"end":{}}],"line":20}},"s":{"0":0,"1":0,"2":0,"3":0,"4":0,"5":0,"6":0,"7":0,"8":0,"9":0,"10":0,"11":0,"12":0},"f":{"0":0,"1":0,"2":0},"b":{"0":[0,0],"1":[0,0],"2":[0,0],"3":[0,0]}}
,"/Users/jhoancanchila/Documents/projects-react/countries-info/src/presentation/components/Navbar/Navbar.tsx": {"path":"/Users/jhoancanchila/Documents/projects-react/countries-info/src/presentation/components/Navbar/Navbar.tsx","statementMap":{"0":{"start":{"line":10,"column":25},"end":{"line":83,"column":1}},"1":{"start":{"line":12,"column":42},"end":{"line":12,"column":59}},"2":{"start":{"line":14,"column":22},"end":{"line":14,"column":45}},"3":{"start":{"line":17,"column":2},"end":{"line":19,"column":3}},"4":{"start":{"line":18,"column":4},"end":{"line":18,"column":72}},"5":{"start":{"line":21,"column":25},"end":{"line":21,"column":36}},"6":{"start":{"line":22,"column":23},"end":{"line":22,"column":44}},"7":{"start":{"line":24,"column":23},"end":{"line":26,"column":3}},"8":{"start":{"line":25,"column":4},"end":{"line":25,"column":21}},"9":{"start":{"line":28,"column":23},"end":{"line":30,"column":3}},"10":{"start":{"line":29,"column":4},"end":{"line":29,"column":31}},"11":{"start":{"line":32,"column":2},"end":{"line":82,"column":3}},"12":{"start":{"line":42,"column":67},"end":{"line":42,"column":101}},"13":{"start":{"line":43,"column":68},"end":{"line":43,"column":100}},"14":{"start":{"line":44,"column":68},"end":{"line":44,"column":97}},"15":{"start":{"line":53,"column":33},"end":{"line":53,"column":61}},"16":{"start":{"line":70,"column":30},"end":{"line":70,"column":59}},"17":{"start":{"line":75,"column":30},"end":{"line":75,"column":64}},"18":{"start":{"line":76,"column":31},"end":{"line":76,"column":63}},"19":{"start":{"line":77,"column":31},"end":{"line":77,"column":60}}},"fnMap":{"0":{"name":"(anonymous_0)","decl":{"start":{"line":10,"column":25},"end":{"line":10,"column":26}},"loc":{"start":{"line":10,"column":31},"end":{"line":83,"column":1}},"line":10},"1":{"name":"(anonymous_1)","decl":{"start":{"line":24,"column":23},"end":{"line":24,"column":24}},"loc":{"start":{"line":24,"column":43},"end":{"line":26,"column":3}},"line":24},"2":{"name":"(anonymous_2)","decl":{"start":{"line":28,"column":23},"end":{"line":28,"column":24}},"loc":{"start":{"line":28,"column":42},"end":{"line":30,"column":3}},"line":28},"3":{"name":"(anonymous_3)","decl":{"start":{"line":42,"column":62},"end":{"line":42,"column":63}},"loc":{"start":{"line":42,"column":67},"end":{"line":42,"column":101}},"line":42},"4":{"name":"(anonymous_4)","decl":{"start":{"line":43,"column":62},"end":{"line":43,"column":63}},"loc":{"start":{"line":43,"column":68},"end":{"line":43,"column":100}},"line":43},"5":{"name":"(anonymous_5)","decl":{"start":{"line":44,"column":62},"end":{"line":44,"column":63}},"loc":{"start":{"line":44,"column":68},"end":{"line":44,"column":97}},"line":44},"6":{"name":"(anonymous_6)","decl":{"start":{"line":53,"column":26},"end":{"line":53,"column":27}},"loc":{"start":{"line":53,"column":33},"end":{"line":53,"column":61}},"line":53},"7":{"name":"(anonymous_7)","decl":{"start":{"line":70,"column":25},"end":{"line":70,"column":26}},"loc":{"start":{"line":70,"column":30},"end":{"line":70,"column":59}},"line":70},"8":{"name":"(anonymous_8)","decl":{"start":{"line":75,"column":25},"end":{"line":75,"column":26}},"loc":{"start":{"line":75,"column":30},"end":{"line":75,"column":64}},"line":75},"9":{"name":"(anonymous_9)","decl":{"start":{"line":76,"column":25},"end":{"line":76,"column":26}},"loc":{"start":{"line":76,"column":31},"end":{"line":76,"column":63}},"line":76},"10":{"name":"(anonymous_10)","decl":{"start":{"line":77,"column":25},"end":{"line":77,"column":26}},"loc":{"start":{"line":77,"column":31},"end":{"line":77,"column":60}},"line":77}},"branchMap":{"0":{"loc":{"start":{"line":17,"column":2},"end":{"line":19,"column":3}},"type":"if","locations":[{"start":{"line":17,"column":2},"end":{"line":19,"column":3}},{"start":{},"end":{}}],"line":17},"1":{"loc":{"start":{"line":40,"column":12},"end":{"line":56,"column":13}},"type":"cond-expr","locations":[{"start":{"line":41,"column":14},"end":{"line":45,"column":19}},{"start":{"line":49,"column":14},"end":{"line":55,"column":16}}],"line":40},"2":{"loc":{"start":{"line":54,"column":23},"end":{"line":54,"column":54}},"type":"binary-expr","locations":[{"start":{"line":54,"column":23},"end":{"line":54,"column":48}},{"start":{"line":54,"column":52},"end":{"line":54,"column":54}}],"line":54}},"s":{"0":0,"1":0,"2":0,"3":0,"4":0,"5":0,"6":0,"7":0,"8":0,"9":0,"10":0,"11":0,"12":0,"13":0,"14":0,"15":0,"16":0,"17":0,"18":0,"19":0},"f":{"0":0,"1":0,"2":0,"3":0,"4":0,"5":0,"6":0,"7":0,"8":0,"9":0,"10":0},"b":{"0":[0,0],"1":[0,0],"2":[0,0]}}
,"/Users/jhoancanchila/Documents/projects-react/countries-info/src/presentation/hooks/useCharactersDragonBallZ.tsx": {"path":"/Users/jhoancanchila/Documents/projects-react/countries-info/src/presentation/hooks/useCharactersDragonBallZ.tsx","statementMap":{"0":{"start":{"line":16,"column":40},"end":{"line":114,"column":1}},"1":{"start":{"line":18,"column":30},"end":{"line":18,"column":54}},"2":{"start":{"line":19,"column":36},"end":{"line":19,"column":58}},"3":{"start":{"line":20,"column":63},"end":{"line":20,"column":82}},"4":{"start":{"line":21,"column":42},"end":{"line":21,"column":58}},"5":{"start":{"line":23,"column":32},"end":{"line":37,"column":3}},"6":{"start":{"line":28,"column":27},"end":{"line":28,"column":90}},"7":{"start":{"line":29,"column":32},"end":{"line":34,"column":5}},"8":{"start":{"line":35,"column":4},"end":{"line":35,"column":35}},"9":{"start":{"line":36,"column":4},"end":{"line":36,"column":31}},"10":{"start":{"line":40,"column":34},"end":{"line":51,"column":3}},"11":{"start":{"line":41,"column":47},"end":{"line":41,"column":49}},"12":{"start":{"line":42,"column":27},"end":{"line":42,"column":123}},"13":{"start":{"line":42,"column":64},"end":{"line":42,"column":122}},"14":{"start":{"line":43,"column":4},"end":{"line":49,"column":5}},"15":{"start":{"line":44,"column":6},"end":{"line":44,"column":126}},"16":{"start":{"line":44,"column":66},"end":{"line":44,"column":124}},"17":{"start":{"line":45,"column":6},"end":{"line":45,"column":48}},"18":{"start":{"line":47,"column":6},"end":{"line":47,"column":82}},"19":{"start":{"line":48,"column":6},"end":{"line":48,"column":48}},"20":{"start":{"line":50,"column":4},"end":{"line":50,"column":30}},"21":{"start":{"line":52,"column":2},"end":{"line":60,"column":14}},"22":{"start":{"line":53,"column":4},"end":{"line":56,"column":5}},"23":{"start":{"line":54,"column":6},"end":{"line":54,"column":32}},"24":{"start":{"line":55,"column":6},"end":{"line":55,"column":13}},"25":{"start":{"line":58,"column":4},"end":{"line":58,"column":30}},"26":{"start":{"line":62,"column":37},"end":{"line":75,"column":3}},"27":{"start":{"line":67,"column":27},"end":{"line":67,"column":77}},"28":{"start":{"line":68,"column":26},"end":{"line":72,"column":5}},"29":{"start":{"line":73,"column":4},"end":{"line":73,"column":33}},"30":{"start":{"line":74,"column":4},"end":{"line":74,"column":25}},"31":{"start":{"line":77,"column":26},"end":{"line":88,"column":4}},"32":{"start":{"line":83,"column":6},"end":{"line":85,"column":7}},"33":{"start":{"line":84,"column":8},"end":{"line":84,"column":25}},"34":{"start":{"line":86,"column":6},"end":{"line":86,"column":38}},"35":{"start":{"line":90,"column":32},"end":{"line":94,"column":4}},"36":{"start":{"line":96,"column":32},"end":{"line":107,"column":4}},"37":{"start":{"line":102,"column":6},"end":{"line":104,"column":7}},"38":{"start":{"line":103,"column":8},"end":{"line":103,"column":25}},"39":{"start":{"line":105,"column":6},"end":{"line":105,"column":42}},"40":{"start":{"line":109,"column":2},"end":{"line":113,"column":4}}},"fnMap":{"0":{"name":"(anonymous_0)","decl":{"start":{"line":16,"column":40},"end":{"line":16,"column":41}},"loc":{"start":{"line":16,"column":70},"end":{"line":114,"column":1}},"line":16},"1":{"name":"(anonymous_1)","decl":{"start":{"line":23,"column":32},"end":{"line":23,"column":33}},"loc":{"start":{"line":27,"column":8},"end":{"line":37,"column":3}},"line":27},"2":{"name":"(anonymous_2)","decl":{"start":{"line":40,"column":34},"end":{"line":40,"column":35}},"loc":{"start":{"line":40,"column":46},"end":{"line":51,"column":3}},"line":40},"3":{"name":"(anonymous_3)","decl":{"start":{"line":42,"column":49},"end":{"line":42,"column":50}},"loc":{"start":{"line":42,"column":64},"end":{"line":42,"column":122}},"line":42},"4":{"name":"(anonymous_4)","decl":{"start":{"line":44,"column":51},"end":{"line":44,"column":52}},"loc":{"start":{"line":44,"column":66},"end":{"line":44,"column":124}},"line":44},"5":{"name":"(anonymous_5)","decl":{"start":{"line":52,"column":12},"end":{"line":52,"column":13}},"loc":{"start":{"line":52,"column":18},"end":{"line":60,"column":3}},"line":52},"6":{"name":"(anonymous_6)","decl":{"start":{"line":62,"column":37},"end":{"line":62,"column":38}},"loc":{"start":{"line":66,"column":8},"end":{"line":75,"column":3}},"line":66},"7":{"name":"(anonymous_7)","decl":{"start":{"line":82,"column":22},"end":{"line":82,"column":23}},"loc":{"start":{"line":82,"column":36},"end":{"line":87,"column":5}},"line":82},"8":{"name":"(anonymous_8)","decl":{"start":{"line":101,"column":22},"end":{"line":101,"column":23}},"loc":{"start":{"line":101,"column":36},"end":{"line":106,"column":5}},"line":101}},"branchMap":{"0":{"loc":{"start":{"line":24,"column":4},"end":{"line":24,"column":17}},"type":"default-arg","locations":[{"start":{"line":24,"column":16},"end":{"line":24,"column":17}}],"line":24},"1":{"loc":{"start":{"line":43,"column":4},"end":{"line":49,"column":5}},"type":"if","locations":[{"start":{"line":43,"column":4},"end":{"line":49,"column":5}},{"start":{"line":46,"column":9},"end":{"line":49,"column":5}}],"line":43},"2":{"loc":{"start":{"line":53,"column":4},"end":{"line":56,"column":5}},"type":"if","locations":[{"start":{"line":53,"column":4},"end":{"line":56,"column":5}},{"start":{},"end":{}}],"line":53},"3":{"loc":{"start":{"line":63,"column":4},"end":{"line":63,"column":17}},"type":"default-arg","locations":[{"start":{"line":63,"column":16},"end":{"line":63,"column":17}}],"line":63},"4":{"loc":{"start":{"line":83,"column":6},"end":{"line":85,"column":7}},"type":"if","locations":[{"start":{"line":83,"column":6},"end":{"line":85,"column":7}},{"start":{},"end":{}}],"line":83},"5":{"loc":{"start":{"line":102,"column":6},"end":{"line":104,"column":7}},"type":"if","locations":[{"start":{"line":102,"column":6},"end":{"line":104,"column":7}},{"start":{},"end":{}}],"line":102}},"s":{"0":0,"1":0,"2":0,"3":0,"4":0,"5":0,"6":0,"7":0,"8":0,"9":0,"10":0,"11":0,"12":0,"13":0,"14":0,"15":0,"16":0,"17":0,"18":0,"19":0,"20":0,"21":0,"22":0,"23":0,"24":0,"25":0,"26":0,"27":0,"28":0,"29":0,"30":0,"31":0,"32":0,"33":0,"34":0,"35":0,"36":0,"37":0,"38":0,"39":0,"40":0},"f":{"0":0,"1":0,"2":0,"3":0,"4":0,"5":0,"6":0,"7":0,"8":0},"b":{"0":[0],"1":[0,0],"2":[0,0],"3":[0],"4":[0,0],"5":[0,0]}}
,"/Users/jhoancanchila/Documents/projects-react/countries-info/src/presentation/hooks/useCountries.tsx": {"path":"/Users/jhoancanchila/Documents/projects-react/countries-info/src/presentation/hooks/useCountries.tsx","statementMap":{"0":{"start":{"line":11,"column":28},"end":{"line":56,"column":1}},"1":{"start":{"line":13,"column":28},"end":{"line":13,"column":54}},"2":{"start":{"line":14,"column":23},"end":{"line":14,"column":58}},"3":{"start":{"line":15,"column":31},"end":{"line":15,"column":74}},"4":{"start":{"line":17,"column":49},"end":{"line":17,"column":66}},"5":{"start":{"line":19,"column":2},"end":{"line":26,"column":14}},"6":{"start":{"line":20,"column":4},"end":{"line":23,"column":5}},"7":{"start":{"line":21,"column":6},"end":{"line":21,"column":31}},"8":{"start":{"line":22,"column":6},"end":{"line":22,"column":13}},"9":{"start":{"line":24,"column":4},"end":{"line":24,"column":29}},"10":{"start":{"line":28,"column":33},"end":{"line":33,"column":3}},"11":{"start":{"line":29,"column":21},"end":{"line":29,"column":62}},"12":{"start":{"line":30,"column":4},"end":{"line":30,"column":35}},"13":{"start":{"line":31,"column":4},"end":{"line":31,"column":27}},"14":{"start":{"line":32,"column":4},"end":{"line":32,"column":20}},"15":{"start":{"line":35,"column":23},"end":{"line":43,"column":4}},"16":{"start":{"line":38,"column":23},"end":{"line":38,"column":51}},"17":{"start":{"line":39,"column":6},"end":{"line":39,"column":29}},"18":{"start":{"line":40,"column":6},"end":{"line":40,"column":22}},"19":{"start":{"line":45,"column":28},"end":{"line":49,"column":4}},"20":{"start":{"line":51,"column":2},"end":{"line":54,"column":4}}},"fnMap":{"0":{"name":"(anonymous_0)","decl":{"start":{"line":11,"column":28},"end":{"line":11,"column":29}},"loc":{"start":{"line":11,"column":50},"end":{"line":56,"column":1}},"line":11},"1":{"name":"(anonymous_1)","decl":{"start":{"line":19,"column":12},"end":{"line":19,"column":13}},"loc":{"start":{"line":19,"column":18},"end":{"line":26,"column":3}},"line":19},"2":{"name":"(anonymous_2)","decl":{"start":{"line":28,"column":33},"end":{"line":28,"column":34}},"loc":{"start":{"line":28,"column":45},"end":{"line":33,"column":3}},"line":28},"3":{"name":"(anonymous_3)","decl":{"start":{"line":37,"column":13},"end":{"line":37,"column":14}},"loc":{"start":{"line":37,"column":25},"end":{"line":41,"column":5}},"line":37}},"branchMap":{"0":{"loc":{"start":{"line":20,"column":4},"end":{"line":23,"column":5}},"type":"if","locations":[{"start":{"line":20,"column":4},"end":{"line":23,"column":5}},{"start":{},"end":{}}],"line":20}},"s":{"0":1,"1":1,"2":1,"3":1,"4":1,"5":1,"6":1,"7":0,"8":0,"9":1,"10":1,"11":1,"12":1,"13":1,"14":1,"15":1,"16":0,"17":0,"18":0,"19":1,"20":1},"f":{"0":1,"1":1,"2":1,"3":0},"b":{"0":[0,1]},"_coverageSchema":"1a1c01bbd47fc00a2c39e90264f33305004495a9","hash":"d9a1a0a1b0a9c8edf5a389cffb4f7f670817a66c"}
,"/Users/jhoancanchila/Documents/projects-react/countries-info/src/presentation/hooks/useLazyImages.ts": {"path":"/Users/jhoancanchila/Documents/projects-react/countries-info/src/presentation/hooks/useLazyImages.ts","statementMap":{"0":{"start":{"line":3,"column":29},"end":{"line":32,"column":1}},"1":{"start":{"line":5,"column":36},"end":{"line":5,"column":51}},"2":{"start":{"line":6,"column":18},"end":{"line":6,"column":30}},"3":{"start":{"line":8,"column":2},"end":{"line":29,"column":9}},"4":{"start":{"line":9,"column":21},"end":{"line":17,"column":5}},"5":{"start":{"line":11,"column":8},"end":{"line":14,"column":9}},"6":{"start":{"line":12,"column":10},"end":{"line":12,"column":29}},"7":{"start":{"line":13,"column":10},"end":{"line":13,"column":32}},"8":{"start":{"line":19,"column":23},"end":{"line":19,"column":38}},"9":{"start":{"line":20,"column":4},"end":{"line":22,"column":5}},"10":{"start":{"line":21,"column":6},"end":{"line":21,"column":35}},"11":{"start":{"line":24,"column":4},"end":{"line":28,"column":6}},"12":{"start":{"line":25,"column":6},"end":{"line":27,"column":7}},"13":{"start":{"line":26,"column":8},"end":{"line":26,"column":30}},"14":{"start":{"line":31,"column":2},"end":{"line":31,"column":32}}},"fnMap":{"0":{"name":"(anonymous_0)","decl":{"start":{"line":3,"column":29},"end":{"line":3,"column":30}},"loc":{"start":{"line":3,"column":35},"end":{"line":32,"column":1}},"line":3},"1":{"name":"(anonymous_1)","decl":{"start":{"line":8,"column":12},"end":{"line":8,"column":13}},"loc":{"start":{"line":8,"column":18},"end":{"line":29,"column":3}},"line":8},"2":{"name":"(anonymous_2)","decl":{"start":{"line":10,"column":6},"end":{"line":10,"column":7}},"loc":{"start":{"line":10,"column":19},"end":{"line":15,"column":7}},"line":10},"3":{"name":"(anonymous_3)","decl":{"start":{"line":24,"column":11},"end":{"line":24,"column":12}},"loc":{"start":{"line":24,"column":17},"end":{"line":28,"column":5}},"line":24}},"branchMap":{"0":{"loc":{"start":{"line":11,"column":8},"end":{"line":14,"column":9}},"type":"if","locations":[{"start":{"line":11,"column":8},"end":{"line":14,"column":9}},{"start":{},"end":{}}],"line":11},"1":{"loc":{"start":{"line":20,"column":4},"end":{"line":22,"column":5}},"type":"if","locations":[{"start":{"line":20,"column":4},"end":{"line":22,"column":5}},{"start":{},"end":{}}],"line":20},"2":{"loc":{"start":{"line":25,"column":6},"end":{"line":27,"column":7}},"type":"if","locations":[{"start":{"line":25,"column":6},"end":{"line":27,"column":7}},{"start":{},"end":{}}],"line":25}},"s":{"0":1,"1":2,"2":2,"3":2,"4":1,"5":1,"6":1,"7":1,"8":1,"9":1,"10":1,"11":1,"12":1,"13":1,"14":2},"f":{"0":2,"1":1,"2":1,"3":1},"b":{"0":[1,0],"1":[1,0],"2":[1,0]},"_coverageSchema":"1a1c01bbd47fc00a2c39e90264f33305004495a9","hash":"2b49cec372bf7d24bfe64081626edddfa974b7b7"}
,"/Users/jhoancanchila/Documents/projects-react/countries-info/src/presentation/hooks/useQuerySearch.tsx": {"path":"/Users/jhoancanchila/Documents/projects-react/countries-info/src/presentation/hooks/useQuerySearch.tsx","statementMap":{"0":{"start":{"line":3,"column":30},"end":{"line":7,"column":1}},"1":{"start":{"line":4,"column":27},"end":{"line":4,"column":44}},"2":{"start":{"line":5,"column":16},"end":{"line":5,"column":47}},"3":{"start":{"line":6,"column":2},"end":{"line":6,"column":15}}},"fnMap":{"0":{"name":"(anonymous_0)","decl":{"start":{"line":3,"column":30},"end":{"line":3,"column":31}},"loc":{"start":{"line":3,"column":36},"end":{"line":7,"column":1}},"line":3}},"branchMap":{"0":{"loc":{"start":{"line":5,"column":16},"end":{"line":5,"column":47}},"type":"binary-expr","locations":[{"start":{"line":5,"column":16},"end":{"line":5,"column":41}},{"start":{"line":5,"column":45},"end":{"line":5,"column":47}}],"line":5}},"s":{"0":0,"1":0,"2":0,"3":0},"f":{"0":0},"b":{"0":[0,0]}}
,"/Users/jhoancanchila/Documents/projects-react/countries-info/src/presentation/pages/Country/Country.tsx": {"path":"/Users/jhoancanchila/Documents/projects-react/countries-info/src/presentation/pages/Country/Country.tsx","statementMap":{"0":{"start":{"line":7,"column":26},"end":{"line":24,"column":1}},"1":{"start":{"line":9,"column":16},"end":{"line":9,"column":32}},"2":{"start":{"line":11,"column":46},"end":{"line":11,"column":69}},"3":{"start":{"line":13,"column":20},"end":{"line":13,"column":60}},"4":{"start":{"line":15,"column":45},"end":{"line":15,"column":62}},"5":{"start":{"line":17,"column":20},"end":{"line":17,"column":59}},"6":{"start":{"line":19,"column":27},"end":{"line":19,"column":62}},"7":{"start":{"line":21,"column":2},"end":{"line":21,"column":53}},"8":{"start":{"line":21,"column":13},"end":{"line":21,"column":53}},"9":{"start":{"line":23,"column":2},"end":{"line":23,"column":52}}},"fnMap":{"0":{"name":"(anonymous_0)","decl":{"start":{"line":7,"column":26},"end":{"line":7,"column":27}},"loc":{"start":{"line":7,"column":32},"end":{"line":24,"column":1}},"line":7}},"branchMap":{"0":{"loc":{"start":{"line":13,"column":20},"end":{"line":13,"column":60}},"type":"cond-expr","locations":[{"start":{"line":13,"column":28},"end":{"line":13,"column":45}},{"start":{"line":13,"column":48},"end":{"line":13,"column":60}}],"line":13},"1":{"loc":{"start":{"line":17,"column":20},"end":{"line":17,"column":59}},"type":"cond-expr","locations":[{"start":{"line":17,"column":28},"end":{"line":17,"column":45}},{"start":{"line":17,"column":48},"end":{"line":17,"column":59}}],"line":17},"2":{"loc":{"start":{"line":21,"column":2},"end":{"line":21,"column":53}},"type":"if","locations":[{"start":{"line":21,"column":2},"end":{"line":21,"column":53}},{"start":{},"end":{}}],"line":21}},"s":{"0":0,"1":0,"2":0,"3":0,"4":0,"5":0,"6":0,"7":0,"8":0,"9":0},"f":{"0":0},"b":{"0":[0,0],"1":[0,0],"2":[0,0]}}
,"/Users/jhoancanchila/Documents/projects-react/countries-info/src/presentation/pages/DragonBallZ/DragonBallZ.tsx": {"path":"/Users/jhoancanchila/Documents/projects-react/countries-info/src/presentation/pages/DragonBallZ/DragonBallZ.tsx","statementMap":{"0":{"start":{"line":10,"column":30},"end":{"line":54,"column":1}},"1":{"start":{"line":12,"column":16},"end":{"line":12,"column":32}},"2":{"start":{"line":14,"column":15},"end":{"line":14,"column":26}},"3":{"start":{"line":15,"column":34},"end":{"line":15,"column":48}},"4":{"start":{"line":17,"column":45},"end":{"line":17,"column":64}},"5":{"start":{"line":19,"column":36},"end":{"line":19,"column":77}},"6":{"start":{"line":22,"column":27},"end":{"line":28,"column":41}},"7":{"start":{"line":23,"column":4},"end":{"line":26,"column":5}},"8":{"start":{"line":24,"column":6},"end":{"line":24,"column":24}},"9":{"start":{"line":25,"column":6},"end":{"line":25,"column":13}},"10":{"start":{"line":27,"column":4},"end":{"line":27,"column":42}},"11":{"start":{"line":30,"column":2},"end":{"line":41,"column":39}},"12":{"start":{"line":31,"column":25},"end":{"line":36,"column":5}},"13":{"start":{"line":32,"column":56},"end":{"line":32,"column":80}},"14":{"start":{"line":33,"column":6},"end":{"line":35,"column":7}},"15":{"start":{"line":34,"column":6},"end":{"line":34,"column":25}},"16":{"start":{"line":38,"column":4},"end":{"line":38,"column":52}},"17":{"start":{"line":39,"column":4},"end":{"line":39,"column":68}},"18":{"start":{"line":39,"column":17},"end":{"line":39,"column":67}},"19":{"start":{"line":43,"column":27},"end":{"line":43,"column":134}},"20":{"start":{"line":45,"column":2},"end":{"line":45,"column":86}},"21":{"start":{"line":45,"column":35},"end":{"line":45,"column":86}},"22":{"start":{"line":47,"column":2},"end":{"line":53,"column":1}}},"fnMap":{"0":{"name":"(anonymous_0)","decl":{"start":{"line":10,"column":30},"end":{"line":10,"column":31}},"loc":{"start":{"line":10,"column":36},"end":{"line":54,"column":1}},"line":10},"1":{"name":"(anonymous_1)","decl":{"start":{"line":22,"column":39},"end":{"line":22,"column":40}},"loc":{"start":{"line":22,"column":45},"end":{"line":28,"column":3}},"line":22},"2":{"name":"(anonymous_2)","decl":{"start":{"line":30,"column":12},"end":{"line":30,"column":13}},"loc":{"start":{"line":30,"column":18},"end":{"line":41,"column":3}},"line":30},"3":{"name":"(anonymous_3)","decl":{"start":{"line":31,"column":25},"end":{"line":31,"column":26}},"loc":{"start":{"line":31,"column":31},"end":{"line":36,"column":5}},"line":31},"4":{"name":"(anonymous_4)","decl":{"start":{"line":39,"column":11},"end":{"line":39,"column":12}},"loc":{"start":{"line":39,"column":17},"end":{"line":39,"column":67}},"line":39}},"branchMap":{"0":{"loc":{"start":{"line":23,"column":4},"end":{"line":26,"column":5}},"type":"if","locations":[{"start":{"line":23,"column":4},"end":{"line":26,"column":5}},{"start":{},"end":{}}],"line":23},"1":{"loc":{"start":{"line":33,"column":6},"end":{"line":35,"column":7}},"type":"if","locations":[{"start":{"line":33,"column":6},"end":{"line":35,"column":7}},{"start":{},"end":{}}],"line":33},"2":{"loc":{"start":{"line":43,"column":27},"end":{"line":43,"column":134}},"type":"cond-expr","locations":[{"start":{"line":43,"column":35},"end":{"line":43,"column":81}},{"start":{"line":43,"column":84},"end":{"line":43,"column":134}}],"line":43},"3":{"loc":{"start":{"line":43,"column":84},"end":{"line":43,"column":134}},"type":"binary-expr","locations":[{"start":{"line":43,"column":84},"end":{"line":43,"column":128}},{"start":{"line":43,"column":132},"end":{"line":43,"column":134}}],"line":43},"4":{"loc":{"start":{"line":45,"column":2},"end":{"line":45,"column":86}},"type":"if","locations":[{"start":{"line":45,"column":2},"end":{"line":45,"column":86}},{"start":{},"end":{}}],"line":45},"5":{"loc":{"start":{"line":50,"column":7},"end":{"line":50,"column":127}},"type":"binary-expr","locations":[{"start":{"line":50,"column":8},"end":{"line":50,"column":39}},{"start":{"line":50,"column":43},"end":{"line":50,"column":50}},{"start":{"line":50,"column":56},"end":{"line":50,"column":127}}],"line":50},"6":{"loc":{"start":{"line":51,"column":7},"end":{"line":51,"column":98}},"type":"binary-expr","locations":[{"start":{"line":51,"column":7},"end":{"line":51,"column":15}},{"start":{"line":51,"column":19},"end":{"line":51,"column":98}}],"line":51}},"s":{"0":0,"1":0,"2":0,"3":0,"4":0,"5":0,"6":0,"7":0,"8":0,"9":0,"10":0,"11":0,"12":0,"13":0,"14":0,"15":0,"16":0,"17":0,"18":0,"19":0,"20":0,"21":0,"22":0},"f":{"0":0,"1":0,"2":0,"3":0,"4":0},"b":{"0":[0,0],"1":[0,0],"2":[0,0],"3":[0,0],"4":[0,0],"5":[0,0,0],"6":[0,0]}}
,"/Users/jhoancanchila/Documents/projects-react/countries-info/src/presentation/pages/Home/Home.tsx": {"path":"/Users/jhoancanchila/Documents/projects-react/countries-info/src/presentation/pages/Home/Home.tsx","statementMap":{"0":{"start":{"line":1,"column":23},"end":{"line":19,"column":1}},"1":{"start":{"line":2,"column":2},"end":{"line":18,"column":3}}},"fnMap":{"0":{"name":"(anonymous_0)","decl":{"start":{"line":1,"column":23},"end":{"line":1,"column":24}},"loc":{"start":{"line":1,"column":29},"end":{"line":19,"column":1}},"line":1}},"branchMap":{},"s":{"0":0,"1":0},"f":{"0":0},"b":{}}
,"/Users/jhoancanchila/Documents/projects-react/countries-info/src/presentation/pages/Naruto/Naruto.tsx": {"path":"/Users/jhoancanchila/Documents/projects-react/countries-info/src/presentation/pages/Naruto/Naruto.tsx","statementMap":{"0":{"start":{"line":8,"column":19},"end":{"line":49,"column":1}},"1":{"start":{"line":10,"column":34},"end":{"line":10,"column":48}},"2":{"start":{"line":12,"column":15},"end":{"line":12,"column":26}},"3":{"start":{"line":13,"column":31},"end":{"line":13,"column":47}},"4":{"start":{"line":14,"column":30},"end":{"line":14,"column":64}},"5":{"start":{"line":16,"column":27},"end":{"line":23,"column":43}},"6":{"start":{"line":17,"column":23},"end":{"line":17,"column":96}},"7":{"start":{"line":18,"column":6},"end":{"line":21,"column":7}},"8":{"start":{"line":19,"column":8},"end":{"line":19,"column":26}},"9":{"start":{"line":20,"column":8},"end":{"line":20,"column":15}},"10":{"start":{"line":22,"column":6},"end":{"line":22,"column":38}},"11":{"start":{"line":25,"column":2},"end":{"line":36,"column":47}},"12":{"start":{"line":26,"column":27},"end":{"line":31,"column":7}},"13":{"start":{"line":27,"column":58},"end":{"line":27,"column":82}},"14":{"start":{"line":28,"column":8},"end":{"line":30,"column":9}},"15":{"start":{"line":29,"column":8},"end":{"line":29,"column":27}},"16":{"start":{"line":33,"column":6},"end":{"line":33,"column":54}},"17":{"start":{"line":34,"column":6},"end":{"line":34,"column":70}},"18":{"start":{"line":34,"column":19},"end":{"line":34,"column":69}},"19":{"start":{"line":38,"column":29},"end":{"line":38,"column":97}},"20":{"start":{"line":40,"column":4},"end":{"line":40,"column":71}},"21":{"start":{"line":40,"column":31},"end":{"line":40,"column":71}},"22":{"start":{"line":42,"column":2},"end":{"line":48,"column":3}}},"fnMap":{"0":{"name":"(anonymous_0)","decl":{"start":{"line":8,"column":19},"end":{"line":8,"column":20}},"loc":{"start":{"line":8,"column":25},"end":{"line":49,"column":1}},"line":8},"1":{"name":"(anonymous_1)","decl":{"start":{"line":16,"column":39},"end":{"line":16,"column":40}},"loc":{"start":{"line":16,"column":45},"end":{"line":23,"column":5}},"line":16},"2":{"name":"(anonymous_2)","decl":{"start":{"line":25,"column":12},"end":{"line":25,"column":13}},"loc":{"start":{"line":25,"column":18},"end":{"line":36,"column":5}},"line":25},"3":{"name":"(anonymous_3)","decl":{"start":{"line":26,"column":27},"end":{"line":26,"column":28}},"loc":{"start":{"line":26,"column":33},"end":{"line":31,"column":7}},"line":26},"4":{"name":"(anonymous_4)","decl":{"start":{"line":34,"column":13},"end":{"line":34,"column":14}},"loc":{"start":{"line":34,"column":19},"end":{"line":34,"column":69}},"line":34}},"branchMap":{"0":{"loc":{"start":{"line":18,"column":6},"end":{"line":21,"column":7}},"type":"if","locations":[{"start":{"line":18,"column":6},"end":{"line":21,"column":7}},{"start":{},"end":{}}],"line":18},"1":{"loc":{"start":{"line":28,"column":8},"end":{"line":30,"column":9}},"type":"if","locations":[{"start":{"line":28,"column":8},"end":{"line":30,"column":9}},{"start":{},"end":{}}],"line":28},"2":{"loc":{"start":{"line":38,"column":29},"end":{"line":38,"column":97}},"type":"binary-expr","locations":[{"start":{"line":38,"column":29},"end":{"line":38,"column":91}},{"start":{"line":38,"column":95},"end":{"line":38,"column":97}}],"line":38},"3":{"loc":{"start":{"line":40,"column":4},"end":{"line":40,"column":71}},"type":"if","locations":[{"start":{"line":40,"column":4},"end":{"line":40,"column":71}},{"start":{},"end":{}}],"line":40},"4":{"loc":{"start":{"line":45,"column":7},"end":{"line":45,"column":121}},"type":"binary-expr","locations":[{"start":{"line":45,"column":8},"end":{"line":45,"column":33}},{"start":{"line":45,"column":37},"end":{"line":45,"column":44}},{"start":{"line":45,"column":50},"end":{"line":45,"column":121}}],"line":45},"5":{"loc":{"start":{"line":46,"column":7},"end":{"line":46,"column":98}},"type":"binary-expr","locations":[{"start":{"line":46,"column":7},"end":{"line":46,"column":15}},{"start":{"line":46,"column":19},"end":{"line":46,"column":98}}],"line":46}},"s":{"0":0,"1":0,"2":0,"3":0,"4":0,"5":0,"6":0,"7":0,"8":0,"9":0,"10":0,"11":0,"12":0,"13":0,"14":0,"15":0,"16":0,"17":0,"18":0,"19":0,"20":0,"21":0,"22":0},"f":{"0":0,"1":0,"2":0,"3":0,"4":0},"b":{"0":[0,0],"1":[0,0],"2":[0,0],"3":[0,0],"4":[0,0,0],"5":[0,0]}}
,"/Users/jhoancanchila/Documents/projects-react/countries-info/src/presentation/pages/NotFound/NotFound.tsx": {"path":"/Users/jhoancanchila/Documents/projects-react/countries-info/src/presentation/pages/NotFound/NotFound.tsx","statementMap":{"0":{"start":{"line":2,"column":27},"end":{"line":6,"column":1}},"1":{"start":{"line":3,"column":2},"end":{"line":5,"column":3}}},"fnMap":{"0":{"name":"(anonymous_0)","decl":{"start":{"line":2,"column":27},"end":{"line":2,"column":28}},"loc":{"start":{"line":2,"column":33},"end":{"line":6,"column":1}},"line":2}},"branchMap":{},"s":{"0":0,"1":0},"f":{"0":0},"b":{}}
,"/Users/jhoancanchila/Documents/projects-react/countries-info/src/router/ApplicationRouter.tsx": {"path":"/Users/jhoancanchila/Documents/projects-react/countries-info/src/router/ApplicationRouter.tsx","statementMap":{"0":{"start":{"line":7,"column":22},"end":{"line":24,"column":2}}},"fnMap":{},"branchMap":{},"s":{"0":0},"f":{},"b":{}}
,"/Users/jhoancanchila/Documents/projects-react/countries-info/src/utilities/localStorage/menuStorage.ts": {"path":"/Users/jhoancanchila/Documents/projects-react/countries-info/src/utilities/localStorage/menuStorage.ts","statementMap":{"0":{"start":{"line":1,"column":35},"end":{"line":3,"column":1}},"1":{"start":{"line":2,"column":2},"end":{"line":2,"column":41}},"2":{"start":{"line":5,"column":35},"end":{"line":7,"column":1}},"3":{"start":{"line":6,"column":2},"end":{"line":6,"column":42}}},"fnMap":{"0":{"name":"(anonymous_0)","decl":{"start":{"line":1,"column":35},"end":{"line":1,"column":36}},"loc":{"start":{"line":1,"column":53},"end":{"line":3,"column":1}},"line":1},"1":{"name":"(anonymous_1)","decl":{"start":{"line":5,"column":35},"end":{"line":5,"column":36}},"loc":{"start":{"line":5,"column":41},"end":{"line":7,"column":1}},"line":5}},"branchMap":{},"s":{"0":1,"1":0,"2":1,"3":2},"f":{"0":0,"1":2},"b":{},"_coverageSchema":"1a1c01bbd47fc00a2c39e90264f33305004495a9","hash":"050d6cfc5d65fcbaca09e09d5a2ed9b4a2d9c27c"}
,"/Users/jhoancanchila/Documents/projects-react/countries-info/src/utilities/scrollToTop/scrollToTop.ts": {"path":"/Users/jhoancanchila/Documents/projects-react/countries-info/src/utilities/scrollToTop/scrollToTop.ts","statementMap":{"0":{"start":{"line":1,"column":27},"end":{"line":6,"column":1}},"1":{"start":{"line":2,"column":2},"end":{"line":5,"column":5}}},"fnMap":{"0":{"name":"(anonymous_0)","decl":{"start":{"line":1,"column":27},"end":{"line":1,"column":28}},"loc":{"start":{"line":1,"column":33},"end":{"line":6,"column":1}},"line":1}},"branchMap":{},"s":{"0":0,"1":0},"f":{"0":0},"b":{}}
}
